<?xml version="1.0" encoding="UTF-8"?>
<testng-results ignored="8" total="17" passed="6" failed="3" skipped="0">
  <reporter-output>
  </reporter-output>
  <suite started-at="2020-10-11T23:04:58 IST" name="Suite" finished-at="2020-10-11T23:06:30 IST" duration-ms="92043">
    <groups>
    </groups>
    <test started-at="2020-10-11T23:04:58 IST" name="Test" finished-at="2020-10-11T23:06:30 IST" duration-ms="92043">
      <class name="com.SauceDemo.TestCases.TC_CheckOutTest_005">
        <test-method is-config="true" signature="setup()[pri:0, instance:com.SauceDemo.TestCases.TC_CheckOutTest_005@4b168fa9]" started-at="2020-10-11T23:06:16 IST" name="setup" finished-at="2020-10-11T23:06:23 IST" duration-ms="6790" status="PASS">
          <reporter-output>
          </reporter-output>
        </test-method> <!-- setup -->
        <test-method signature="checkout()[pri:0, instance:com.SauceDemo.TestCases.TC_CheckOutTest_005@4b168fa9]" started-at="2020-10-11T23:06:23 IST" name="checkout" finished-at="2020-10-11T23:06:28 IST" duration-ms="5102" status="PASS">
          <reporter-output>
          </reporter-output>
        </test-method> <!-- checkout -->
        <test-method is-config="true" signature="screenShot(org.testng.ITestResult)[pri:0, instance:com.SauceDemo.TestCases.TC_CheckOutTest_005@4b168fa9]" started-at="2020-10-11T23:06:28 IST" name="screenShot" finished-at="2020-10-11T23:06:28 IST" duration-ms="370" status="PASS">
          <params>
            <param index="0">
              <value>
                <![CDATA[[TestResult name=checkout status=SUCCESS method=TC_CheckOutTest_005.checkout()[pri:0, instance:com.SauceDemo.TestCases.TC_CheckOutTest_005@4b168fa9] output={null}]]]>
              </value>
            </param>
          </params>
          <reporter-output>
          </reporter-output>
        </test-method> <!-- screenShot -->
        <test-method is-config="true" signature="closebrowser()[pri:0, instance:com.SauceDemo.TestCases.TC_CheckOutTest_005@4b168fa9]" started-at="2020-10-11T23:06:28 IST" name="closebrowser" finished-at="2020-10-11T23:06:29 IST" duration-ms="685" status="PASS">
          <reporter-output>
          </reporter-output>
        </test-method> <!-- closebrowser -->
      </class> <!-- com.SauceDemo.TestCases.TC_CheckOutTest_005 -->
      <class name="com.SauceDemo.TestCases.TC_LoginTest_001">
        <test-method is-config="true" signature="startTest()[pri:0, instance:com.SauceDemo.TestCases.TC_LoginTest_001@53ca01a2]" started-at="2020-10-11T23:04:58 IST" name="startTest" finished-at="2020-10-11T23:04:58 IST" duration-ms="179" status="PASS">
          <reporter-output>
          </reporter-output>
        </test-method> <!-- startTest -->
        <test-method is-config="true" signature="setup()[pri:0, instance:com.SauceDemo.TestCases.TC_LoginTest_001@53ca01a2]" started-at="2020-10-11T23:04:58 IST" name="setup" finished-at="2020-10-11T23:05:04 IST" duration-ms="5957" status="PASS">
          <reporter-output>
          </reporter-output>
        </test-method> <!-- setup -->
        <test-method signature="LoginTest()[pri:0, instance:com.SauceDemo.TestCases.TC_LoginTest_001@53ca01a2]" started-at="2020-10-11T23:05:04 IST" name="LoginTest" finished-at="2020-10-11T23:05:09 IST" duration-ms="4666" status="PASS">
          <reporter-output>
          </reporter-output>
        </test-method> <!-- LoginTest -->
        <test-method is-config="true" signature="screenShot(org.testng.ITestResult)[pri:0, instance:com.SauceDemo.TestCases.TC_LoginTest_001@53ca01a2]" started-at="2020-10-11T23:05:09 IST" name="screenShot" finished-at="2020-10-11T23:05:09 IST" duration-ms="622" status="PASS">
          <params>
            <param index="0">
              <value>
                <![CDATA[[TestResult name=LoginTest status=SUCCESS method=TC_LoginTest_001.LoginTest()[pri:0, instance:com.SauceDemo.TestCases.TC_LoginTest_001@53ca01a2] output={null}]]]>
              </value>
            </param>
          </params>
          <reporter-output>
          </reporter-output>
        </test-method> <!-- screenShot -->
        <test-method is-config="true" signature="closebrowser()[pri:0, instance:com.SauceDemo.TestCases.TC_LoginTest_001@53ca01a2]" started-at="2020-10-11T23:05:09 IST" name="closebrowser" finished-at="2020-10-11T23:05:10 IST" duration-ms="642" status="PASS">
          <reporter-output>
          </reporter-output>
        </test-method> <!-- closebrowser -->
        <test-method is-config="true" signature="EndTest()[pri:0, instance:com.SauceDemo.TestCases.TC_LoginTest_001@53ca01a2]" started-at="2020-10-11T23:06:29 IST" name="EndTest" finished-at="2020-10-11T23:06:30 IST" duration-ms="726" status="PASS">
          <reporter-output>
          </reporter-output>
        </test-method> <!-- EndTest -->
      </class> <!-- com.SauceDemo.TestCases.TC_LoginTest_001 -->
      <class name="com.SauceDemo.TestCases.TC_AddToCartTest_004">
        <test-method is-config="true" signature="setup()[pri:0, instance:com.SauceDemo.TestCases.TC_AddToCartTest_004@48524010]" started-at="2020-10-11T23:06:04 IST" name="setup" finished-at="2020-10-11T23:06:08 IST" duration-ms="4650" status="PASS">
          <reporter-output>
          </reporter-output>
        </test-method> <!-- setup -->
        <test-method signature="Addingtocart()[pri:0, instance:com.SauceDemo.TestCases.TC_AddToCartTest_004@48524010]" started-at="2020-10-11T23:06:08 IST" name="Addingtocart" finished-at="2020-10-11T23:06:14 IST" duration-ms="5479" status="PASS">
          <reporter-output>
          </reporter-output>
        </test-method> <!-- Addingtocart -->
        <test-method is-config="true" signature="screenShot(org.testng.ITestResult)[pri:0, instance:com.SauceDemo.TestCases.TC_AddToCartTest_004@48524010]" started-at="2020-10-11T23:06:14 IST" name="screenShot" finished-at="2020-10-11T23:06:15 IST" duration-ms="1159" status="PASS">
          <params>
            <param index="0">
              <value>
                <![CDATA[[TestResult name=Addingtocart status=SUCCESS method=TC_AddToCartTest_004.Addingtocart()[pri:0, instance:com.SauceDemo.TestCases.TC_AddToCartTest_004@48524010] output={null}]]]>
              </value>
            </param>
          </params>
          <reporter-output>
          </reporter-output>
        </test-method> <!-- screenShot -->
        <test-method is-config="true" signature="closebrowser()[pri:0, instance:com.SauceDemo.TestCases.TC_AddToCartTest_004@48524010]" started-at="2020-10-11T23:06:15 IST" name="closebrowser" finished-at="2020-10-11T23:06:16 IST" duration-ms="1005" status="PASS">
          <reporter-output>
          </reporter-output>
        </test-method> <!-- closebrowser -->
      </class> <!-- com.SauceDemo.TestCases.TC_AddToCartTest_004 -->
      <class name="com.SauceDemo.TestCases.TC_FilterProductTest_003">
        <test-method is-config="true" signature="setup()[pri:0, instance:com.SauceDemo.TestCases.TC_FilterProductTest_003@3ee0fea4]" started-at="2020-10-11T23:05:45 IST" name="setup" finished-at="2020-10-11T23:05:56 IST" duration-ms="10917" status="PASS">
          <reporter-output>
          </reporter-output>
        </test-method> <!-- setup -->
        <test-method signature="productfiltering()[pri:0, instance:com.SauceDemo.TestCases.TC_FilterProductTest_003@3ee0fea4]" started-at="2020-10-11T23:05:56 IST" name="productfiltering" finished-at="2020-10-11T23:06:02 IST" duration-ms="5740" status="PASS">
          <reporter-output>
          </reporter-output>
        </test-method> <!-- productfiltering -->
        <test-method is-config="true" signature="screenShot(org.testng.ITestResult)[pri:0, instance:com.SauceDemo.TestCases.TC_FilterProductTest_003@3ee0fea4]" started-at="2020-10-11T23:06:02 IST" name="screenShot" finished-at="2020-10-11T23:06:03 IST" duration-ms="447" status="PASS">
          <params>
            <param index="0">
              <value>
                <![CDATA[[TestResult name=productfiltering status=SUCCESS method=TC_FilterProductTest_003.productfiltering()[pri:0, instance:com.SauceDemo.TestCases.TC_FilterProductTest_003@3ee0fea4] output={null}]]]>
              </value>
            </param>
          </params>
          <reporter-output>
          </reporter-output>
        </test-method> <!-- screenShot -->
        <test-method is-config="true" signature="closebrowser()[pri:0, instance:com.SauceDemo.TestCases.TC_FilterProductTest_003@3ee0fea4]" started-at="2020-10-11T23:06:03 IST" name="closebrowser" finished-at="2020-10-11T23:06:04 IST" duration-ms="1260" status="PASS">
          <reporter-output>
          </reporter-output>
        </test-method> <!-- closebrowser -->
      </class> <!-- com.SauceDemo.TestCases.TC_FilterProductTest_003 -->
      <class name="com.SauceDemo.TestCases.TC_LoginDDT_002">
        <test-method is-config="true" signature="setup()[pri:0, instance:com.SauceDemo.TestCases.TC_LoginDDT_002@358c99f5]" started-at="2020-10-11T23:05:10 IST" name="setup" finished-at="2020-10-11T23:05:14 IST" duration-ms="4420" status="PASS">
          <reporter-output>
          </reporter-output>
        </test-method> <!-- setup -->
        <test-method signature="loginDDT(java.lang.String, java.lang.String)[pri:0, instance:com.SauceDemo.TestCases.TC_LoginDDT_002@358c99f5]" started-at="2020-10-11T23:05:16 IST" name="loginDDT" data-provider="LoginData" finished-at="2020-10-11T23:05:23 IST" duration-ms="7050" status="PASS">
          <params>
            <param index="0">
              <value>
                <![CDATA[standard_user]]>
              </value>
            </param>
            <param index="1">
              <value>
                <![CDATA[secret_sauce]]>
              </value>
            </param>
          </params>
          <reporter-output>
          </reporter-output>
        </test-method> <!-- loginDDT -->
        <test-method is-config="true" signature="screenShot(org.testng.ITestResult)[pri:0, instance:com.SauceDemo.TestCases.TC_LoginDDT_002@358c99f5]" started-at="2020-10-11T23:05:23 IST" name="screenShot" finished-at="2020-10-11T23:05:23 IST" duration-ms="419" status="PASS">
          <params>
            <param index="0">
              <value>
                <![CDATA[[TestResult name=loginDDT status=SUCCESS method=TC_LoginDDT_002.loginDDT(java.lang.String, java.lang.String)[pri:0, instance:com.SauceDemo.TestCases.TC_LoginDDT_002@358c99f5] output={null}]]]>
              </value>
            </param>
          </params>
          <reporter-output>
          </reporter-output>
        </test-method> <!-- screenShot -->
        <test-method signature="loginDDT(java.lang.String, java.lang.String)[pri:0, instance:com.SauceDemo.TestCases.TC_LoginDDT_002@358c99f5]" started-at="2020-10-11T23:05:23 IST" name="loginDDT" data-provider="LoginData" finished-at="2020-10-11T23:05:27 IST" duration-ms="3696" status="FAIL">
          <params>
            <param index="0">
              <value>
                <![CDATA[locked_out_user]]>
              </value>
            </param>
            <param index="1">
              <value>
                <![CDATA[secret_sausage]]>
              </value>
            </param>
          </params>
          <exception class="org.openqa.selenium.NoSuchElementException">
            <message>
              <![CDATA[no such element: Unable to locate element: {"method":"xpath","selector":"//button[text()='Open Menu']"}
  (Session info: chrome=85.0.4183.121)
For documentation on this error, please visit: https://www.seleniumhq.org/exceptions/no_such_element.html
Build info: version: '3.141.59', revision: 'e82be7d358', time: '2018-11-14T08:17:03'
System info: host: 'LAPTOP-P3PP6HUN', ip: '192.168.0.103', os.name: 'Windows 10', os.arch: 'amd64', os.version: '10.0', java.version: '14.0.2'
Driver info: org.openqa.selenium.chrome.ChromeDriver
Capabilities {acceptInsecureCerts: false, browserName: chrome, browserVersion: 85.0.4183.121, chrome: {chromedriverVersion: 84.0.4147.30 (48b3e868b4cc0..., userDataDir: C:\Users\AYUSI\AppData\Loca...}, goog:chromeOptions: {debuggerAddress: localhost:55180}, javascriptEnabled: true, networkConnectionEnabled: false, pageLoadStrategy: normal, platform: WINDOWS, platformName: WINDOWS, proxy: Proxy(), setWindowRect: true, strictFileInteractability: false, timeouts: {implicit: 0, pageLoad: 300000, script: 30000}, unhandledPromptBehavior: dismiss and notify, webauthn:virtualAuthenticators: true}
Session ID: 35c362bc49cbaf7f45377d12b7f7eb31
*** Element info: {Using=xpath, value=//button[text()='Open Menu']}]]>
            </message>
            <full-stacktrace>
              <![CDATA[org.openqa.selenium.NoSuchElementException: no such element: Unable to locate element: {"method":"xpath","selector":"//button[text()='Open Menu']"}
  (Session info: chrome=85.0.4183.121)
For documentation on this error, please visit: https://www.seleniumhq.org/exceptions/no_such_element.html
Build info: version: '3.141.59', revision: 'e82be7d358', time: '2018-11-14T08:17:03'
System info: host: 'LAPTOP-P3PP6HUN', ip: '192.168.0.103', os.name: 'Windows 10', os.arch: 'amd64', os.version: '10.0', java.version: '14.0.2'
Driver info: org.openqa.selenium.chrome.ChromeDriver
Capabilities {acceptInsecureCerts: false, browserName: chrome, browserVersion: 85.0.4183.121, chrome: {chromedriverVersion: 84.0.4147.30 (48b3e868b4cc0..., userDataDir: C:\Users\AYUSI\AppData\Loca...}, goog:chromeOptions: {debuggerAddress: localhost:55180}, javascriptEnabled: true, networkConnectionEnabled: false, pageLoadStrategy: normal, platform: WINDOWS, platformName: WINDOWS, proxy: Proxy(), setWindowRect: true, strictFileInteractability: false, timeouts: {implicit: 0, pageLoad: 300000, script: 30000}, unhandledPromptBehavior: dismiss and notify, webauthn:virtualAuthenticators: true}
Session ID: 35c362bc49cbaf7f45377d12b7f7eb31
*** Element info: {Using=xpath, value=//button[text()='Open Menu']}
at java.base/jdk.internal.reflect.NativeConstructorAccessorImpl.newInstance0(Native Method)
at java.base/jdk.internal.reflect.NativeConstructorAccessorImpl.newInstance(NativeConstructorAccessorImpl.java:62)
at java.base/jdk.internal.reflect.DelegatingConstructorAccessorImpl.newInstance(DelegatingConstructorAccessorImpl.java:45)
at java.base/java.lang.reflect.Constructor.newInstanceWithCaller(Constructor.java:500)
at java.base/java.lang.reflect.Constructor.newInstance(Constructor.java:481)
at org.openqa.selenium.remote.http.W3CHttpResponseCodec.createException(W3CHttpResponseCodec.java:187)
at org.openqa.selenium.remote.http.W3CHttpResponseCodec.decode(W3CHttpResponseCodec.java:122)
at org.openqa.selenium.remote.http.W3CHttpResponseCodec.decode(W3CHttpResponseCodec.java:49)
at org.openqa.selenium.remote.HttpCommandExecutor.execute(HttpCommandExecutor.java:158)
at org.openqa.selenium.remote.service.DriverCommandExecutor.execute(DriverCommandExecutor.java:83)
at org.openqa.selenium.remote.RemoteWebDriver.execute(RemoteWebDriver.java:552)
at org.openqa.selenium.remote.RemoteWebDriver.findElement(RemoteWebDriver.java:323)
at org.openqa.selenium.remote.RemoteWebDriver.findElementByXPath(RemoteWebDriver.java:428)
at org.openqa.selenium.By$ByXPath.findElement(By.java:353)
at org.openqa.selenium.remote.RemoteWebDriver.findElement(RemoteWebDriver.java:315)
at com.SauceDemo.PageObjects.LoginPage.OpenMenu(LoginPage.java:61)
at com.SauceDemo.TestCases.TC_LoginDDT_002.loginDDT(TC_LoginDDT_002.java:65)
at java.base/jdk.internal.reflect.NativeMethodAccessorImpl.invoke0(Native Method)
at java.base/jdk.internal.reflect.NativeMethodAccessorImpl.invoke(NativeMethodAccessorImpl.java:62)
at java.base/jdk.internal.reflect.DelegatingMethodAccessorImpl.invoke(DelegatingMethodAccessorImpl.java:43)
at java.base/java.lang.reflect.Method.invoke(Method.java:564)
at org.testng.internal.MethodInvocationHelper.invokeMethod(MethodInvocationHelper.java:134)
at org.testng.internal.TestInvoker.invokeMethod(TestInvoker.java:597)
at org.testng.internal.TestInvoker.invokeTestMethod(TestInvoker.java:173)
at org.testng.internal.MethodRunner.runInSequence(MethodRunner.java:46)
at org.testng.internal.TestInvoker$MethodInvocationAgent.invoke(TestInvoker.java:816)
at org.testng.internal.TestInvoker.invokeTestMethods(TestInvoker.java:146)
at org.testng.internal.TestMethodWorker.invokeTestMethods(TestMethodWorker.java:146)
at org.testng.internal.TestMethodWorker.run(TestMethodWorker.java:128)
at java.base/java.util.ArrayList.forEach(ArrayList.java:1511)
at org.testng.TestRunner.privateRun(TestRunner.java:766)
at org.testng.TestRunner.run(TestRunner.java:587)
at org.testng.SuiteRunner.runTest(SuiteRunner.java:384)
at org.testng.SuiteRunner.runSequentially(SuiteRunner.java:378)
at org.testng.SuiteRunner.privateRun(SuiteRunner.java:337)
at org.testng.SuiteRunner.run(SuiteRunner.java:286)
at org.testng.SuiteRunnerWorker.runSuite(SuiteRunnerWorker.java:53)
at org.testng.SuiteRunnerWorker.run(SuiteRunnerWorker.java:96)
at org.testng.TestNG.runSuitesSequentially(TestNG.java:1187)
at org.testng.TestNG.runSuitesLocally(TestNG.java:1109)
at org.testng.TestNG.runSuites(TestNG.java:1039)
at org.testng.TestNG.run(TestNG.java:1007)
at org.apache.maven.surefire.testng.TestNGExecutor.run(TestNGExecutor.java:283)
at org.apache.maven.surefire.testng.TestNGXmlTestSuite.execute(TestNGXmlTestSuite.java:75)
at org.apache.maven.surefire.testng.TestNGProvider.invoke(TestNGProvider.java:120)
at org.apache.maven.surefire.booter.ForkedBooter.runSuitesInProcess(ForkedBooter.java:377)
at org.apache.maven.surefire.booter.ForkedBooter.execute(ForkedBooter.java:138)
at org.apache.maven.surefire.booter.ForkedBooter.run(ForkedBooter.java:465)
at org.apache.maven.surefire.booter.ForkedBooter.main(ForkedBooter.java:451)
]]>
            </full-stacktrace>
          </exception> <!-- org.openqa.selenium.NoSuchElementException -->
          <reporter-output>
          </reporter-output>
        </test-method> <!-- loginDDT -->
        <test-method is-config="true" signature="screenShot(org.testng.ITestResult)[pri:0, instance:com.SauceDemo.TestCases.TC_LoginDDT_002@358c99f5]" started-at="2020-10-11T23:05:27 IST" name="screenShot" finished-at="2020-10-11T23:05:28 IST" duration-ms="351" status="PASS">
          <params>
            <param index="0">
              <value>
                <![CDATA[[TestResult name=loginDDT status=FAILURE method=TC_LoginDDT_002.loginDDT(java.lang.String, java.lang.String)[pri:0, instance:com.SauceDemo.TestCases.TC_LoginDDT_002@358c99f5] output={null}]]]>
              </value>
            </param>
          </params>
          <reporter-output>
          </reporter-output>
        </test-method> <!-- screenShot -->
        <test-method signature="loginDDT(java.lang.String, java.lang.String)[pri:0, instance:com.SauceDemo.TestCases.TC_LoginDDT_002@358c99f5]" started-at="2020-10-11T23:05:28 IST" name="loginDDT" data-provider="LoginData" finished-at="2020-10-11T23:05:31 IST" duration-ms="3532" status="FAIL">
          <params>
            <param index="0">
              <value>
                <![CDATA[problemFacinguser]]>
              </value>
            </param>
            <param index="1">
              <value>
                <![CDATA[secret_saucer]]>
              </value>
            </param>
          </params>
          <exception class="org.openqa.selenium.NoSuchElementException">
            <message>
              <![CDATA[no such element: Unable to locate element: {"method":"xpath","selector":"//button[text()='Open Menu']"}
  (Session info: chrome=85.0.4183.121)
For documentation on this error, please visit: https://www.seleniumhq.org/exceptions/no_such_element.html
Build info: version: '3.141.59', revision: 'e82be7d358', time: '2018-11-14T08:17:03'
System info: host: 'LAPTOP-P3PP6HUN', ip: '192.168.0.103', os.name: 'Windows 10', os.arch: 'amd64', os.version: '10.0', java.version: '14.0.2'
Driver info: org.openqa.selenium.chrome.ChromeDriver
Capabilities {acceptInsecureCerts: false, browserName: chrome, browserVersion: 85.0.4183.121, chrome: {chromedriverVersion: 84.0.4147.30 (48b3e868b4cc0..., userDataDir: C:\Users\AYUSI\AppData\Loca...}, goog:chromeOptions: {debuggerAddress: localhost:55180}, javascriptEnabled: true, networkConnectionEnabled: false, pageLoadStrategy: normal, platform: WINDOWS, platformName: WINDOWS, proxy: Proxy(), setWindowRect: true, strictFileInteractability: false, timeouts: {implicit: 0, pageLoad: 300000, script: 30000}, unhandledPromptBehavior: dismiss and notify, webauthn:virtualAuthenticators: true}
Session ID: 35c362bc49cbaf7f45377d12b7f7eb31
*** Element info: {Using=xpath, value=//button[text()='Open Menu']}]]>
            </message>
            <full-stacktrace>
              <![CDATA[org.openqa.selenium.NoSuchElementException: no such element: Unable to locate element: {"method":"xpath","selector":"//button[text()='Open Menu']"}
  (Session info: chrome=85.0.4183.121)
For documentation on this error, please visit: https://www.seleniumhq.org/exceptions/no_such_element.html
Build info: version: '3.141.59', revision: 'e82be7d358', time: '2018-11-14T08:17:03'
System info: host: 'LAPTOP-P3PP6HUN', ip: '192.168.0.103', os.name: 'Windows 10', os.arch: 'amd64', os.version: '10.0', java.version: '14.0.2'
Driver info: org.openqa.selenium.chrome.ChromeDriver
Capabilities {acceptInsecureCerts: false, browserName: chrome, browserVersion: 85.0.4183.121, chrome: {chromedriverVersion: 84.0.4147.30 (48b3e868b4cc0..., userDataDir: C:\Users\AYUSI\AppData\Loca...}, goog:chromeOptions: {debuggerAddress: localhost:55180}, javascriptEnabled: true, networkConnectionEnabled: false, pageLoadStrategy: normal, platform: WINDOWS, platformName: WINDOWS, proxy: Proxy(), setWindowRect: true, strictFileInteractability: false, timeouts: {implicit: 0, pageLoad: 300000, script: 30000}, unhandledPromptBehavior: dismiss and notify, webauthn:virtualAuthenticators: true}
Session ID: 35c362bc49cbaf7f45377d12b7f7eb31
*** Element info: {Using=xpath, value=//button[text()='Open Menu']}
at java.base/jdk.internal.reflect.NativeConstructorAccessorImpl.newInstance0(Native Method)
at java.base/jdk.internal.reflect.NativeConstructorAccessorImpl.newInstance(NativeConstructorAccessorImpl.java:62)
at java.base/jdk.internal.reflect.DelegatingConstructorAccessorImpl.newInstance(DelegatingConstructorAccessorImpl.java:45)
at java.base/java.lang.reflect.Constructor.newInstanceWithCaller(Constructor.java:500)
at java.base/java.lang.reflect.Constructor.newInstance(Constructor.java:481)
at org.openqa.selenium.remote.http.W3CHttpResponseCodec.createException(W3CHttpResponseCodec.java:187)
at org.openqa.selenium.remote.http.W3CHttpResponseCodec.decode(W3CHttpResponseCodec.java:122)
at org.openqa.selenium.remote.http.W3CHttpResponseCodec.decode(W3CHttpResponseCodec.java:49)
at org.openqa.selenium.remote.HttpCommandExecutor.execute(HttpCommandExecutor.java:158)
at org.openqa.selenium.remote.service.DriverCommandExecutor.execute(DriverCommandExecutor.java:83)
at org.openqa.selenium.remote.RemoteWebDriver.execute(RemoteWebDriver.java:552)
at org.openqa.selenium.remote.RemoteWebDriver.findElement(RemoteWebDriver.java:323)
at org.openqa.selenium.remote.RemoteWebDriver.findElementByXPath(RemoteWebDriver.java:428)
at org.openqa.selenium.By$ByXPath.findElement(By.java:353)
at org.openqa.selenium.remote.RemoteWebDriver.findElement(RemoteWebDriver.java:315)
at com.SauceDemo.PageObjects.LoginPage.OpenMenu(LoginPage.java:61)
at com.SauceDemo.TestCases.TC_LoginDDT_002.loginDDT(TC_LoginDDT_002.java:65)
at java.base/jdk.internal.reflect.NativeMethodAccessorImpl.invoke0(Native Method)
at java.base/jdk.internal.reflect.NativeMethodAccessorImpl.invoke(NativeMethodAccessorImpl.java:62)
at java.base/jdk.internal.reflect.DelegatingMethodAccessorImpl.invoke(DelegatingMethodAccessorImpl.java:43)
at java.base/java.lang.reflect.Method.invoke(Method.java:564)
at org.testng.internal.MethodInvocationHelper.invokeMethod(MethodInvocationHelper.java:134)
at org.testng.internal.TestInvoker.invokeMethod(TestInvoker.java:597)
at org.testng.internal.TestInvoker.invokeTestMethod(TestInvoker.java:173)
at org.testng.internal.MethodRunner.runInSequence(MethodRunner.java:46)
at org.testng.internal.TestInvoker$MethodInvocationAgent.invoke(TestInvoker.java:816)
at org.testng.internal.TestInvoker.invokeTestMethods(TestInvoker.java:146)
at org.testng.internal.TestMethodWorker.invokeTestMethods(TestMethodWorker.java:146)
at org.testng.internal.TestMethodWorker.run(TestMethodWorker.java:128)
at java.base/java.util.ArrayList.forEach(ArrayList.java:1511)
at org.testng.TestRunner.privateRun(TestRunner.java:766)
at org.testng.TestRunner.run(TestRunner.java:587)
at org.testng.SuiteRunner.runTest(SuiteRunner.java:384)
at org.testng.SuiteRunner.runSequentially(SuiteRunner.java:378)
at org.testng.SuiteRunner.privateRun(SuiteRunner.java:337)
at org.testng.SuiteRunner.run(SuiteRunner.java:286)
at org.testng.SuiteRunnerWorker.runSuite(SuiteRunnerWorker.java:53)
at org.testng.SuiteRunnerWorker.run(SuiteRunnerWorker.java:96)
at org.testng.TestNG.runSuitesSequentially(TestNG.java:1187)
at org.testng.TestNG.runSuitesLocally(TestNG.java:1109)
at org.testng.TestNG.runSuites(TestNG.java:1039)
at org.testng.TestNG.run(TestNG.java:1007)
at org.apache.maven.surefire.testng.TestNGExecutor.run(TestNGExecutor.java:283)
at org.apache.maven.surefire.testng.TestNGXmlTestSuite.execute(TestNGXmlTestSuite.java:75)
at org.apache.maven.surefire.testng.TestNGProvider.invoke(TestNGProvider.java:120)
at org.apache.maven.surefire.booter.ForkedBooter.runSuitesInProcess(ForkedBooter.java:377)
at org.apache.maven.surefire.booter.ForkedBooter.execute(ForkedBooter.java:138)
at org.apache.maven.surefire.booter.ForkedBooter.run(ForkedBooter.java:465)
at org.apache.maven.surefire.booter.ForkedBooter.main(ForkedBooter.java:451)
]]>
            </full-stacktrace>
          </exception> <!-- org.openqa.selenium.NoSuchElementException -->
          <reporter-output>
          </reporter-output>
        </test-method> <!-- loginDDT -->
        <test-method is-config="true" signature="screenShot(org.testng.ITestResult)[pri:0, instance:com.SauceDemo.TestCases.TC_LoginDDT_002@358c99f5]" started-at="2020-10-11T23:05:31 IST" name="screenShot" finished-at="2020-10-11T23:05:31 IST" duration-ms="317" status="PASS">
          <params>
            <param index="0">
              <value>
                <![CDATA[[TestResult name=loginDDT status=FAILURE method=TC_LoginDDT_002.loginDDT(java.lang.String, java.lang.String)[pri:0, instance:com.SauceDemo.TestCases.TC_LoginDDT_002@358c99f5] output={null}]]]>
              </value>
            </param>
          </params>
          <reporter-output>
          </reporter-output>
        </test-method> <!-- screenShot -->
        <test-method signature="loginDDT(java.lang.String, java.lang.String)[pri:0, instance:com.SauceDemo.TestCases.TC_LoginDDT_002@358c99f5]" started-at="2020-10-11T23:05:31 IST" name="loginDDT" data-provider="LoginData" finished-at="2020-10-11T23:05:35 IST" duration-ms="3560" status="FAIL">
          <params>
            <param index="0">
              <value>
                <![CDATA[standard_user101]]>
              </value>
            </param>
            <param index="1">
              <value>
                <![CDATA[secret_sauce]]>
              </value>
            </param>
          </params>
          <exception class="org.openqa.selenium.NoSuchElementException">
            <message>
              <![CDATA[no such element: Unable to locate element: {"method":"xpath","selector":"//button[text()='Open Menu']"}
  (Session info: chrome=85.0.4183.121)
For documentation on this error, please visit: https://www.seleniumhq.org/exceptions/no_such_element.html
Build info: version: '3.141.59', revision: 'e82be7d358', time: '2018-11-14T08:17:03'
System info: host: 'LAPTOP-P3PP6HUN', ip: '192.168.0.103', os.name: 'Windows 10', os.arch: 'amd64', os.version: '10.0', java.version: '14.0.2'
Driver info: org.openqa.selenium.chrome.ChromeDriver
Capabilities {acceptInsecureCerts: false, browserName: chrome, browserVersion: 85.0.4183.121, chrome: {chromedriverVersion: 84.0.4147.30 (48b3e868b4cc0..., userDataDir: C:\Users\AYUSI\AppData\Loca...}, goog:chromeOptions: {debuggerAddress: localhost:55180}, javascriptEnabled: true, networkConnectionEnabled: false, pageLoadStrategy: normal, platform: WINDOWS, platformName: WINDOWS, proxy: Proxy(), setWindowRect: true, strictFileInteractability: false, timeouts: {implicit: 0, pageLoad: 300000, script: 30000}, unhandledPromptBehavior: dismiss and notify, webauthn:virtualAuthenticators: true}
Session ID: 35c362bc49cbaf7f45377d12b7f7eb31
*** Element info: {Using=xpath, value=//button[text()='Open Menu']}]]>
            </message>
            <full-stacktrace>
              <![CDATA[org.openqa.selenium.NoSuchElementException: no such element: Unable to locate element: {"method":"xpath","selector":"//button[text()='Open Menu']"}
  (Session info: chrome=85.0.4183.121)
For documentation on this error, please visit: https://www.seleniumhq.org/exceptions/no_such_element.html
Build info: version: '3.141.59', revision: 'e82be7d358', time: '2018-11-14T08:17:03'
System info: host: 'LAPTOP-P3PP6HUN', ip: '192.168.0.103', os.name: 'Windows 10', os.arch: 'amd64', os.version: '10.0', java.version: '14.0.2'
Driver info: org.openqa.selenium.chrome.ChromeDriver
Capabilities {acceptInsecureCerts: false, browserName: chrome, browserVersion: 85.0.4183.121, chrome: {chromedriverVersion: 84.0.4147.30 (48b3e868b4cc0..., userDataDir: C:\Users\AYUSI\AppData\Loca...}, goog:chromeOptions: {debuggerAddress: localhost:55180}, javascriptEnabled: true, networkConnectionEnabled: false, pageLoadStrategy: normal, platform: WINDOWS, platformName: WINDOWS, proxy: Proxy(), setWindowRect: true, strictFileInteractability: false, timeouts: {implicit: 0, pageLoad: 300000, script: 30000}, unhandledPromptBehavior: dismiss and notify, webauthn:virtualAuthenticators: true}
Session ID: 35c362bc49cbaf7f45377d12b7f7eb31
*** Element info: {Using=xpath, value=//button[text()='Open Menu']}
at java.base/jdk.internal.reflect.NativeConstructorAccessorImpl.newInstance0(Native Method)
at java.base/jdk.internal.reflect.NativeConstructorAccessorImpl.newInstance(NativeConstructorAccessorImpl.java:62)
at java.base/jdk.internal.reflect.DelegatingConstructorAccessorImpl.newInstance(DelegatingConstructorAccessorImpl.java:45)
at java.base/java.lang.reflect.Constructor.newInstanceWithCaller(Constructor.java:500)
at java.base/java.lang.reflect.Constructor.newInstance(Constructor.java:481)
at org.openqa.selenium.remote.http.W3CHttpResponseCodec.createException(W3CHttpResponseCodec.java:187)
at org.openqa.selenium.remote.http.W3CHttpResponseCodec.decode(W3CHttpResponseCodec.java:122)
at org.openqa.selenium.remote.http.W3CHttpResponseCodec.decode(W3CHttpResponseCodec.java:49)
at org.openqa.selenium.remote.HttpCommandExecutor.execute(HttpCommandExecutor.java:158)
at org.openqa.selenium.remote.service.DriverCommandExecutor.execute(DriverCommandExecutor.java:83)
at org.openqa.selenium.remote.RemoteWebDriver.execute(RemoteWebDriver.java:552)
at org.openqa.selenium.remote.RemoteWebDriver.findElement(RemoteWebDriver.java:323)
at org.openqa.selenium.remote.RemoteWebDriver.findElementByXPath(RemoteWebDriver.java:428)
at org.openqa.selenium.By$ByXPath.findElement(By.java:353)
at org.openqa.selenium.remote.RemoteWebDriver.findElement(RemoteWebDriver.java:315)
at com.SauceDemo.PageObjects.LoginPage.OpenMenu(LoginPage.java:61)
at com.SauceDemo.TestCases.TC_LoginDDT_002.loginDDT(TC_LoginDDT_002.java:65)
at java.base/jdk.internal.reflect.NativeMethodAccessorImpl.invoke0(Native Method)
at java.base/jdk.internal.reflect.NativeMethodAccessorImpl.invoke(NativeMethodAccessorImpl.java:62)
at java.base/jdk.internal.reflect.DelegatingMethodAccessorImpl.invoke(DelegatingMethodAccessorImpl.java:43)
at java.base/java.lang.reflect.Method.invoke(Method.java:564)
at org.testng.internal.MethodInvocationHelper.invokeMethod(MethodInvocationHelper.java:134)
at org.testng.internal.TestInvoker.invokeMethod(TestInvoker.java:597)
at org.testng.internal.TestInvoker.invokeTestMethod(TestInvoker.java:173)
at org.testng.internal.MethodRunner.runInSequence(MethodRunner.java:46)
at org.testng.internal.TestInvoker$MethodInvocationAgent.invoke(TestInvoker.java:816)
at org.testng.internal.TestInvoker.invokeTestMethods(TestInvoker.java:146)
at org.testng.internal.TestMethodWorker.invokeTestMethods(TestMethodWorker.java:146)
at org.testng.internal.TestMethodWorker.run(TestMethodWorker.java:128)
at java.base/java.util.ArrayList.forEach(ArrayList.java:1511)
at org.testng.TestRunner.privateRun(TestRunner.java:766)
at org.testng.TestRunner.run(TestRunner.java:587)
at org.testng.SuiteRunner.runTest(SuiteRunner.java:384)
at org.testng.SuiteRunner.runSequentially(SuiteRunner.java:378)
at org.testng.SuiteRunner.privateRun(SuiteRunner.java:337)
at org.testng.SuiteRunner.run(SuiteRunner.java:286)
at org.testng.SuiteRunnerWorker.runSuite(SuiteRunnerWorker.java:53)
at org.testng.SuiteRunnerWorker.run(SuiteRunnerWorker.java:96)
at org.testng.TestNG.runSuitesSequentially(TestNG.java:1187)
at org.testng.TestNG.runSuitesLocally(TestNG.java:1109)
at org.testng.TestNG.runSuites(TestNG.java:1039)
at org.testng.TestNG.run(TestNG.java:1007)
at org.apache.maven.surefire.testng.TestNGExecutor.run(TestNGExecutor.java:283)
at org.apache.maven.surefire.testng.TestNGXmlTestSuite.execute(TestNGXmlTestSuite.java:75)
at org.apache.maven.surefire.testng.TestNGProvider.invoke(TestNGProvider.java:120)
at org.apache.maven.surefire.booter.ForkedBooter.runSuitesInProcess(ForkedBooter.java:377)
at org.apache.maven.surefire.booter.ForkedBooter.execute(ForkedBooter.java:138)
at org.apache.maven.surefire.booter.ForkedBooter.run(ForkedBooter.java:465)
at org.apache.maven.surefire.booter.ForkedBooter.main(ForkedBooter.java:451)
]]>
            </full-stacktrace>
          </exception> <!-- org.openqa.selenium.NoSuchElementException -->
          <reporter-output>
          </reporter-output>
        </test-method> <!-- loginDDT -->
        <test-method is-config="true" signature="screenShot(org.testng.ITestResult)[pri:0, instance:com.SauceDemo.TestCases.TC_LoginDDT_002@358c99f5]" started-at="2020-10-11T23:05:35 IST" name="screenShot" finished-at="2020-10-11T23:05:35 IST" duration-ms="317" status="PASS">
          <params>
            <param index="0">
              <value>
                <![CDATA[[TestResult name=loginDDT status=FAILURE method=TC_LoginDDT_002.loginDDT(java.lang.String, java.lang.String)[pri:0, instance:com.SauceDemo.TestCases.TC_LoginDDT_002@358c99f5] output={null}]]]>
              </value>
            </param>
          </params>
          <reporter-output>
          </reporter-output>
        </test-method> <!-- screenShot -->
        <test-method signature="loginDDT(java.lang.String, java.lang.String)[pri:0, instance:com.SauceDemo.TestCases.TC_LoginDDT_002@358c99f5]" started-at="2020-10-11T23:05:35 IST" name="loginDDT" data-provider="LoginData" finished-at="2020-10-11T23:05:44 IST" duration-ms="8949" status="PASS">
          <params>
            <param index="0">
              <value>
                <![CDATA[performance_glitch_user]]>
              </value>
            </param>
            <param index="1">
              <value>
                <![CDATA[secret_sauce]]>
              </value>
            </param>
          </params>
          <reporter-output>
          </reporter-output>
        </test-method> <!-- loginDDT -->
        <test-method is-config="true" signature="screenShot(org.testng.ITestResult)[pri:0, instance:com.SauceDemo.TestCases.TC_LoginDDT_002@358c99f5]" started-at="2020-10-11T23:05:44 IST" name="screenShot" finished-at="2020-10-11T23:05:45 IST" duration-ms="402" status="PASS">
          <params>
            <param index="0">
              <value>
                <![CDATA[[TestResult name=loginDDT status=SUCCESS method=TC_LoginDDT_002.loginDDT(java.lang.String, java.lang.String)[pri:0, instance:com.SauceDemo.TestCases.TC_LoginDDT_002@358c99f5] output={null}]]]>
              </value>
            </param>
          </params>
          <reporter-output>
          </reporter-output>
        </test-method> <!-- screenShot -->
        <test-method is-config="true" signature="closebrowser()[pri:0, instance:com.SauceDemo.TestCases.TC_LoginDDT_002@358c99f5]" started-at="2020-10-11T23:05:45 IST" name="closebrowser" finished-at="2020-10-11T23:05:45 IST" duration-ms="759" status="PASS">
          <reporter-output>
          </reporter-output>
        </test-method> <!-- closebrowser -->
      </class> <!-- com.SauceDemo.TestCases.TC_LoginDDT_002 -->
    </test> <!-- Test -->
  </suite> <!-- Suite -->
</testng-results>
